<?xml version="1.0" encoding="UTF-8"?>
<testsuite xmlns:xsi="http://www.w3.org/2001/XMLSchema-instance" xsi:noNamespaceSchemaLocation="https://maven.apache.org/surefire/maven-surefire-plugin/xsd/surefire-test-report-3.0.xsd" version="3.0" name="com.omrbranch.runner.TestRunnerClass" time="17.37" tests="1" errors="0" skipped="0" failures="0">
  <properties>
[...]
</properties>
  <testcase name="Verify login with valid credentials without Enter Key" classname="OMR Branch Hotel Application" time="11.392">
    <system-out><![CDATA[
@Login
Scenario Outline: Verify login with valid credentials without Enter Key # src/test/resources/features/login/TC001_Login.feature:16
13:29:26 INFO  BaseClass - Config.properties loaded successfully from: C:\SELENIUM\OmrBranchHotelProject_Sunil\src\test\resources\config\Config.properties
13:29:26 INFO  HooksClass - ==============================================
13:29:26 INFO  HooksClass - Scenario Started : Verify login with valid credentials without Enter Key
13:29:26 INFO  HooksClass - ==============================================
13:29:26 INFO  HooksClass - Launching browser
13:29:26 INFO  BaseClass - Launching browser: CHROME
13:29:30 INFO  BaseClass - Browser launched successfully | Browser=CHROME | ImplicitWait=15s
13:29:30 INFO  HooksClass - Entering application URL
13:29:30 INFO  BaseClass - Navigating to URL (QA) : https://www.omrbranch.com/
  Given User is on the OMR Branch hotel page                            # com.omrbranch.stepdefinition.TC001_LoginStep.userIsOnTheOMRBranchHotelPage()
13:29:31 INFO  PageObjectManager - Initializing LoginPage...
  When User enters "sunilragavmech.1999@gmail.com" and "Sunil@1999"     # com.omrbranch.stepdefinition.TC001_LoginStep.userEntersAnd(java.lang.String,java.lang.String)
13:29:33 INFO  PageObjectManager - Initializing ExploreHotelPage...
  Then User should verify success message after login "Welcome Sunil"   # com.omrbranch.stepdefinition.TC001_LoginStep.userShouldVerifySuccessMessageAfterLogin(java.lang.String)
13:29:35 INFO  HooksClass - Scenario Passed : Verify login with valid credentials without Enter Key
13:29:35 INFO  HooksClass - Capturing screenshot

    Embedding screenshot [image/png 924223 bytes]

13:29:36 INFO  HooksClass - Closing browser
13:29:36 INFO  BaseClass - Quitting browser session
13:29:37 INFO  HooksClass - ==============================================
13:29:37 INFO  HooksClass - Scenario Ended : Verify login with valid credentials without Enter Key
13:29:37 INFO  HooksClass - ==============================================
]]></system-out>
  </testcase>
</testsuite>